<?xml version="1.0" encoding="UTF-8"?>
<testng-results skipped="0" failed="0" total="1" passed="1">
  <reporter-output>
  </reporter-output>
  <suite name="Default suite" duration-ms="9611" started-at="2018-10-31T18:51:09Z" finished-at="2018-10-31T18:51:19Z">
    <groups>
    </groups>
    <test name="Default test" duration-ms="9611" started-at="2018-10-31T18:51:09Z" finished-at="2018-10-31T18:51:19Z">
      <class name="Login.Login">
        <test-method status="PASS" signature="setUp()[pri:0, instance:Login.Login@3aa9e816]" name="setUp" is-config="true" duration-ms="4935" started-at="2018-10-31T20:51:09Z" finished-at="2018-10-31T20:51:14Z">
          <reporter-output>
          </reporter-output>
        </test-method> <!-- setUp -->
        <test-method status="PASS" signature="orderStataus()[pri:0, instance:Login.Login@3aa9e816]" name="orderStataus" duration-ms="3987" started-at="2018-10-31T20:51:14Z" finished-at="2018-10-31T20:51:18Z">
          <reporter-output>
          </reporter-output>
        </test-method> <!-- orderStataus -->
        <test-method status="PASS" signature="tearDown()[pri:0, instance:Login.Login@3aa9e816]" name="tearDown" is-config="true" duration-ms="676" started-at="2018-10-31T20:51:18Z" finished-at="2018-10-31T20:51:19Z">
          <reporter-output>
          </reporter-output>
        </test-method> <!-- tearDown -->
      </class> <!-- Login.Login -->
    </test> <!-- Default test -->
  </suite> <!-- Default suite -->
</testng-results>
