<?xml version="1.0" encoding="UTF-8"?>
<!-- Generated by org.testng.reporters.JUnitXMLReporter -->
<testsuite hostname="DESKTOP-2Q9SV7O" name="Default test" tests="4" failures="0" timestamp="31 Oct 2018 19:52:09 GMT" time="6.076" errors="0">
  <testcase name="testConfirmAccept" time="0.201" classname="bg.pragmatic.lecture13mvn.waits.AlertsTest"/>
  <testcase name="testConfirmDismiss" time="0.086" classname="bg.pragmatic.lecture13mvn.waits.AlertsTest"/>
  <testcase name="testPrompt" time="0.167" classname="bg.pragmatic.lecture13mvn.waits.AlertsTest"/>
  <testcase name="testSimpleAlert" time="0.104" classname="bg.pragmatic.lecture13mvn.waits.AlertsTest"/>
</testsuite> <!-- Default test -->
