<?xml version="1.0" encoding="UTF-8"?>
<!-- Generated by org.testng.reporters.JUnitXMLReporter -->
<testsuite hostname="DESKTOP-2Q9SV7O" name="Default test" tests="6" failures="0" timestamp="7 Nov 2018 18:31:47 GMT" time="8.994" errors="0">
  <testcase name="testBMICalculator" time="0.396" classname="bg.pragmatic.datadriven.ExcelTestData"/>
  <testcase name="testBMICalculator" time="0.212" classname="bg.pragmatic.datadriven.ExcelTestData"/>
  <testcase name="testBMICalculator" time="0.216" classname="bg.pragmatic.datadriven.ExcelTestData"/>
  <testcase name="testBMICalculator" time="0.215" classname="bg.pragmatic.datadriven.ExcelTestData"/>
  <testcase name="testBMICalculator" time="0.181" classname="bg.pragmatic.datadriven.ExcelTestData"/>
  <testcase name="testBMICalculator" time="0.153" classname="bg.pragmatic.datadriven.ExcelTestData"/>
</testsuite> <!-- Default test -->
