<?xml version="1.0" encoding="UTF-8"?>
<testng-results skipped="0" failed="0" total="1" passed="1">
  <reporter-output>
  </reporter-output>
  <suite name="Default suite" duration-ms="9001" started-at="2018-11-02T19:01:00Z" finished-at="2018-11-02T19:01:09Z">
    <groups>
    </groups>
    <test name="Default test" duration-ms="9001" started-at="2018-11-02T19:01:00Z" finished-at="2018-11-02T19:01:09Z">
      <class name="homework.Bgmenu">
        <test-method status="PASS" signature="setUp()[pri:0, instance:homework.Bgmenu@47fd17e3]" name="setUp" is-config="true" duration-ms="5493" started-at="2018-11-02T21:01:00Z" finished-at="2018-11-02T21:01:06Z">
          <reporter-output>
          </reporter-output>
        </test-method> <!-- setUp -->
        <test-method status="PASS" signature="registration()[pri:0, instance:homework.Bgmenu@47fd17e3]" name="registration" duration-ms="3319" started-at="2018-11-02T21:01:06Z" finished-at="2018-11-02T21:01:09Z">
          <reporter-output>
          </reporter-output>
        </test-method> <!-- registration -->
        <test-method status="PASS" signature="tearDown()[pri:0, instance:homework.Bgmenu@47fd17e3]" name="tearDown" is-config="true" duration-ms="178" started-at="2018-11-02T21:01:09Z" finished-at="2018-11-02T21:01:09Z">
          <reporter-output>
          </reporter-output>
        </test-method> <!-- tearDown -->
      </class> <!-- homework.Bgmenu -->
    </test> <!-- Default test -->
  </suite> <!-- Default suite -->
</testng-results>
