<?xml version="1.0" encoding="UTF-8"?>
<testng-results skipped="0" failed="0" total="1" passed="1">
  <reporter-output>
  </reporter-output>
  <suite name="Default suite" duration-ms="8767" started-at="2018-11-08T14:44:01Z" finished-at="2018-11-08T14:44:10Z">
    <groups>
    </groups>
    <test name="Default test" duration-ms="8767" started-at="2018-11-08T14:44:01Z" finished-at="2018-11-08T14:44:10Z">
      <class name="tests.backend.AdminUserTests">
        <test-method status="PASS" signature="setup()[pri:0, instance:tests.backend.AdminUserTests@7cdbc5d3]" name="setup" is-config="true" duration-ms="3900" started-at="2018-11-08T16:44:01Z" finished-at="2018-11-08T16:44:05Z">
          <reporter-output>
          </reporter-output>
        </test-method> <!-- setup -->
        <test-method status="PASS" signature="deleteUser()[pri:0, instance:tests.backend.AdminUserTests@7cdbc5d3]" name="deleteUser" duration-ms="4186" started-at="2018-11-08T16:44:05Z" finished-at="2018-11-08T16:44:09Z">
          <reporter-output>
          </reporter-output>
        </test-method> <!-- deleteUser -->
        <test-method status="PASS" signature="tearDown()[pri:0, instance:tests.backend.AdminUserTests@7cdbc5d3]" name="tearDown" is-config="true" duration-ms="665" started-at="2018-11-08T16:44:09Z" finished-at="2018-11-08T16:44:10Z">
          <reporter-output>
          </reporter-output>
        </test-method> <!-- tearDown -->
      </class> <!-- tests.backend.AdminUserTests -->
    </test> <!-- Default test -->
  </suite> <!-- Default suite -->
</testng-results>
