<?xml version="1.0" encoding="UTF-8"?>
<testng-results skipped="0" failed="0" total="1" passed="1">
  <reporter-output>
  </reporter-output>
  <suite name="Default suite" duration-ms="8658" started-at="2018-11-09T14:24:02Z" finished-at="2018-11-09T14:24:11Z">
    <groups>
    </groups>
    <test name="Default test" duration-ms="8658" started-at="2018-11-09T14:24:02Z" finished-at="2018-11-09T14:24:11Z">
      <class name="tests.frontend.PragmaticTestStore">
        <test-method status="PASS" signature="setUp()[pri:0, instance:tests.frontend.PragmaticTestStore@61443d8f]" name="setUp" is-config="true" duration-ms="3958" started-at="2018-11-09T16:24:02Z" finished-at="2018-11-09T16:24:06Z">
          <reporter-output>
          </reporter-output>
        </test-method> <!-- setUp -->
        <test-method status="PASS" signature="registerUser()[pri:0, instance:tests.frontend.PragmaticTestStore@61443d8f]" name="registerUser" duration-ms="4026" started-at="2018-11-09T16:24:06Z" finished-at="2018-11-09T16:24:10Z">
          <reporter-output>
          </reporter-output>
        </test-method> <!-- registerUser -->
        <test-method status="PASS" signature="tearDown()[pri:0, instance:tests.frontend.PragmaticTestStore@61443d8f]" name="tearDown" is-config="true" duration-ms="665" started-at="2018-11-09T16:24:10Z" finished-at="2018-11-09T16:24:11Z">
          <reporter-output>
          </reporter-output>
        </test-method> <!-- tearDown -->
      </class> <!-- tests.frontend.PragmaticTestStore -->
    </test> <!-- Default test -->
  </suite> <!-- Default suite -->
</testng-results>
